<?xml version='1.0' encoding='UTF-8'?>
<testsuite hostname="runnervmf4ws1" name="nl.gn0s1s.pureconfig.module.javanet.JavanetSuite" tests="17" errors="0" failures="0" skipped="0" time="0.162" timestamp="2025-09-23T13:16:39">
          <properties>
[...]
</properties>
          <testcase classname="nl.gn0s1s.pureconfig.module.javanet.JavanetSuite" name="can read a valid ipv4 address" time="0.11">
                      
                    </testcase><testcase classname="nl.gn0s1s.pureconfig.module.javanet.JavanetSuite" name="can read a valid single named address" time="0.004">
                      
                    </testcase><testcase classname="nl.gn0s1s.pureconfig.module.javanet.JavanetSuite" name="can read a valid ipv6 address" time="0.004">
                      
                    </testcase><testcase classname="nl.gn0s1s.pureconfig.module.javanet.JavanetSuite" name="can read a valid ipv6 address in brackets" time="0.004">
                      
                    </testcase><testcase classname="nl.gn0s1s.pureconfig.module.javanet.JavanetSuite" name="validates if a host is defined" time="0.006">
                      
                    </testcase><testcase classname="nl.gn0s1s.pureconfig.module.javanet.JavanetSuite" name="validates if a port is defined" time="0.003">
                      
                    </testcase><testcase classname="nl.gn0s1s.pureconfig.module.javanet.JavanetSuite" name="validates if a port is defined when a colon is present" time="0.003">
                      
                    </testcase><testcase classname="nl.gn0s1s.pureconfig.module.javanet.JavanetSuite" name="validates if a port is a number" time="0.004">
                      
                    </testcase><testcase classname="nl.gn0s1s.pureconfig.module.javanet.JavanetSuite" name="validates if a port is within range" time="0.003">
                      
                    </testcase><testcase classname="nl.gn0s1s.pureconfig.module.javanet.JavanetSuite" name="can read back a written address" time="0.002">
                      
                    </testcase><testcase classname="nl.gn0s1s.pureconfig.module.javanet.JavanetSuite" name="can read multiple addresses" time="0.004">
                      
                    </testcase><testcase classname="nl.gn0s1s.pureconfig.module.javanet.JavanetSuite" name="can read multiple addresses as a list" time="0.004">
                      
                    </testcase><testcase classname="nl.gn0s1s.pureconfig.module.javanet.JavanetSuite" name="can read a single address as multiple addresses" time="0.003">
                      
                    </testcase><testcase classname="nl.gn0s1s.pureconfig.module.javanet.JavanetSuite" name="is lenient about whitespace" time="0.004">
                      
                    </testcase><testcase classname="nl.gn0s1s.pureconfig.module.javanet.JavanetSuite" name="can read back a written Seq[InetSocketAddress]" time="0.001">
                      
                    </testcase><testcase classname="nl.gn0s1s.pureconfig.module.javanet.JavanetSuite" name="can read back a written List[InetSocketAddress]" time="0.0">
                      
                    </testcase><testcase classname="nl.gn0s1s.pureconfig.module.javanet.JavanetSuite" name="validates the supplied setting" time="0.003">
                      
                    </testcase>
          <system-out><![CDATA[]]></system-out>
          <system-err><![CDATA[]]></system-err>
        </testsuite>